#
# There is insufficient memory for the Java Runtime Environment to continue.
# Native memory allocation (malloc) failed to allocate 1071216 bytes for Chunk::new
# Possible reasons:
#   The system is out of physical RAM or swap space
#   The process is running with CompressedOops enabled, and the Java Heap may be blocking the growth of the native heap
# Possible solutions:
#   Reduce memory load on the system
#   Increase physical memory or swap space
#   Check if swap backing store is full
#   Decrease Java heap size (-Xmx/-Xms)
#   Decrease number of Java threads
#   Decrease Java thread stack sizes (-Xss)
#   Set larger code cache with -XX:ReservedCodeCacheSize=
#   JVM is running with Unscaled Compressed Oops mode in which the Java heap is
#     placed in the first 4GB address space. The Java Heap base address is the
#     maximum limit for the native heap growth. Please use -XX:HeapBaseMinAddress
#     to set the Java Heap base and to place the Java Heap above 4GB virtual address.
# This output file may be truncated or incomplete.
#
#  Out of Memory Error (arena.cpp:189), pid=61720, tid=57896
#
# JRE version: OpenJDK Runtime Environment Temurin-17.0.7+7 (17.0.7+7) (build 17.0.7+7)
# Java VM: OpenJDK 64-Bit Server VM Temurin-17.0.7+7 (17.0.7+7, mixed mode, tiered, compressed oops, compressed class ptrs, parallel gc, windows-amd64)
# No core dump will be written. Minidumps are not enabled by default on client versions of Windows
#

---------------  S U M M A R Y ------------

Command Line: --add-modules=ALL-SYSTEM --add-opens=java.base/java.util=ALL-UNNAMED --add-opens=java.base/java.lang=ALL-UNNAMED --add-opens=java.base/sun.nio.fs=ALL-UNNAMED -Declipse.application=org.eclipse.jdt.ls.core.id1 -Dosgi.bundles.defaultStartLevel=4 -Declipse.product=org.eclipse.jdt.ls.core.product -Djava.import.generatesMetadataFilesAtProjectRoot=false -Dfile.encoding=utf8 -XX:+UseParallelGC -XX:GCTimeRatio=4 -XX:AdaptiveSizePolicyWeight=90 -Dsun.zip.disableMemoryMapping=true -Xmx1G -Xms100m -Xlog:disable -javaagent:c:\Users\Aar Kay\.vscode\extensions\redhat.java-1.20.0-win32-x64\lombok\lombok-1.18.28.jar -XX:+HeapDumpOnOutOfMemoryError -XX:HeapDumpPath=c:\Users\Aar Kay\AppData\Roaming\Code\User\workspaceStorage\08be14352158f883fcc5d4b39fd476f2\redhat.java -Daether.dependencyCollector.impl=bf c:\Users\Aar Kay\.vscode\extensions\redhat.java-1.20.0-win32-x64\server\plugins\org.eclipse.equinox.launcher_1.6.500.v20230622-2056.jar -configuration c:\Users\Aar Kay\AppData\Roaming\Code\User\globalStorage\redhat.java\1.20.0\config_win -data c:\Users\Aar Kay\AppData\Roaming\Code\User\workspaceStorage\08be14352158f883fcc5d4b39fd476f2\redhat.java\jdt_ws

Host: Intel(R) Core(TM) i5-8250U CPU @ 1.60GHz, 8 cores, 15G,  Windows 11 , 64 bit Build 25915 (10.0.25915.1000)
Time: Mon Oct  2 12:40:45 2023 India Standard Time elapsed time: 76.008520 seconds (0d 0h 1m 16s)

---------------  T H R E A D  ---------------

Current thread (0x000001a6346dfaa0):  JavaThread "C2 CompilerThread0" daemon [_thread_in_native, id=57896, stack(0x000000078f200000,0x000000078f300000)]


Current CompileTask:
C2:  76008 7539 %     4       org.eclipse.jdt.internal.core.search.indexing.BinaryIndexer::extractReferenceFromConstantPool @ 15 (351 bytes)

Stack: [0x000000078f200000,0x000000078f300000]
Native frames: (J=compiled Java code, j=interpreted, Vv=VM code, C=native code)
V  [jvm.dll+0x67754a]
V  [jvm.dll+0x834304]
V  [jvm.dll+0x835aae]
V  [jvm.dll+0x836113]
V  [jvm.dll+0x24696f]
V  [jvm.dll+0xac0ac]
V  [jvm.dll+0xac67c]
V  [jvm.dll+0x364de2]
V  [jvm.dll+0x32f6b1]
V  [jvm.dll+0x32eb5a]
V  [jvm.dll+0x219641]
V  [jvm.dll+0x218a61]
V  [jvm.dll+0x1a4d8d]
V  [jvm.dll+0x2284da]
V  [jvm.dll+0x226615]
V  [jvm.dll+0x7ea90b]
V  [jvm.dll+0x7e4e7a]
V  [jvm.dll+0x676395]
C  [ucrtbase.dll+0x609e1]
C  [KERNEL32.DLL+0x124d8]
C  [ntdll.dll+0x68241]


---------------  P R O C E S S  ---------------

Threads class SMR info:
_java_thread_list=0x000001a63887b450, length=33, elements={
0x000001a61b6f2df0, 0x000001a62f551020, 0x000001a62f5528b0, 0x000001a62f558ea0,
0x000001a62f559960, 0x000001a6346de410, 0x000001a6346dedc0, 0x000001a6346dfaa0,
0x000001a634704da0, 0x000001a63475ba10, 0x000001a63480e000, 0x000001a634989310,
0x000001a636272d10, 0x000001a635ee35a0, 0x000001a635ee3a70, 0x000001a635ee30d0,
0x000001a63632d950, 0x000001a63632e2f0, 0x000001a636333e60, 0x000001a63632fb00,
0x000001a63632f630, 0x000001a6363334c0, 0x000001a636333990, 0x000001a63632d480,
0x000001a636332ff0, 0x000001a636332b20, 0x000001a636332650, 0x000001a636330e40,
0x000001a636334330, 0x000001a63632e7c0, 0x000001a63632ec90, 0x000001a63632f160,
0x000001a637f59d70
}

Java Threads: ( => current thread )
  0x000001a61b6f2df0 JavaThread "main" [_thread_blocked, id=56828, stack(0x000000078e900000,0x000000078ea00000)]
  0x000001a62f551020 JavaThread "Reference Handler" daemon [_thread_blocked, id=65432, stack(0x000000078ec00000,0x000000078ed00000)]
  0x000001a62f5528b0 JavaThread "Finalizer" daemon [_thread_blocked, id=63736, stack(0x000000078ed00000,0x000000078ee00000)]
  0x000001a62f558ea0 JavaThread "Signal Dispatcher" daemon [_thread_blocked, id=71444, stack(0x000000078ee00000,0x000000078ef00000)]
  0x000001a62f559960 JavaThread "Attach Listener" daemon [_thread_blocked, id=68792, stack(0x000000078ef00000,0x000000078f000000)]
  0x000001a6346de410 JavaThread "Service Thread" daemon [_thread_blocked, id=71492, stack(0x000000078f000000,0x000000078f100000)]
  0x000001a6346dedc0 JavaThread "Monitor Deflation Thread" daemon [_thread_blocked, id=47164, stack(0x000000078f100000,0x000000078f200000)]
=>0x000001a6346dfaa0 JavaThread "C2 CompilerThread0" daemon [_thread_in_native, id=57896, stack(0x000000078f200000,0x000000078f300000)]
  0x000001a634704da0 JavaThread "C1 CompilerThread0" daemon [_thread_blocked, id=47748, stack(0x000000078f300000,0x000000078f400000)]
  0x000001a63475ba10 JavaThread "Sweeper thread" daemon [_thread_blocked, id=63816, stack(0x000000078f400000,0x000000078f500000)]
  0x000001a63480e000 JavaThread "Common-Cleaner" daemon [_thread_blocked, id=37472, stack(0x000000078f500000,0x000000078f600000)]
  0x000001a634989310 JavaThread "Notification Thread" daemon [_thread_blocked, id=71888, stack(0x000000078f700000,0x000000078f800000)]
  0x000001a636272d10 JavaThread "Active Thread: Equinox Container: 3c03cf47-3628-42ae-8ce6-c4ac03b549e5" [_thread_blocked, id=70584, stack(0x0000000790500000,0x0000000790600000)]
  0x000001a635ee35a0 JavaThread "Framework Event Dispatcher: Equinox Container: 3c03cf47-3628-42ae-8ce6-c4ac03b549e5" daemon [_thread_blocked, id=76140, stack(0x000000078ff00000,0x0000000790000000)]
  0x000001a635ee3a70 JavaThread "Start Level: Equinox Container: 3c03cf47-3628-42ae-8ce6-c4ac03b549e5" daemon [_thread_blocked, id=76252, stack(0x0000000790000000,0x0000000790100000)]
  0x000001a635ee30d0 JavaThread "Refresh Thread: Equinox Container: 3c03cf47-3628-42ae-8ce6-c4ac03b549e5" daemon [_thread_blocked, id=62952, stack(0x0000000790100000,0x0000000790200000)]
  0x000001a63632d950 JavaThread "SCR Component Actor" daemon [_thread_blocked, id=76064, stack(0x0000000790e00000,0x0000000790f00000)]
  0x000001a63632e2f0 JavaThread "Worker-JM" [_thread_blocked, id=76572, stack(0x0000000790300000,0x0000000790400000)]
  0x000001a636333e60 JavaThread "Worker-0" [_thread_blocked, id=76404, stack(0x0000000790d00000,0x0000000790e00000)]
  0x000001a63632fb00 JavaThread "Worker-1" [_thread_blocked, id=53812, stack(0x0000000791000000,0x0000000791100000)]
  0x000001a63632f630 JavaThread "Bundle File Closer" daemon [_thread_blocked, id=5640, stack(0x0000000791100000,0x0000000791200000)]
  0x000001a6363334c0 JavaThread "Worker-2" [_thread_blocked, id=13724, stack(0x0000000790400000,0x0000000790500000)]
  0x000001a636333990 JavaThread "Worker-3: Initialize Workspace" [_thread_blocked, id=73428, stack(0x0000000790800000,0x0000000790900000)]
  0x000001a63632d480 JavaThread "Java indexing" daemon [_thread_in_native, id=35248, stack(0x0000000790900000,0x0000000790a00000)]
  0x000001a636332ff0 JavaThread "JNA Cleaner" daemon [_thread_blocked, id=18020, stack(0x0000000790a00000,0x0000000790b00000)]
  0x000001a636332b20 JavaThread "Worker-4: Java indexing... " [_thread_blocked, id=76804, stack(0x0000000791200000,0x0000000791300000)]
  0x000001a636332650 JavaThread "pool-2-thread-1" [_thread_blocked, id=74888, stack(0x0000000791300000,0x0000000791400000)]
  0x000001a636330e40 JavaThread "WorkspaceEventsHandler" [_thread_blocked, id=75884, stack(0x0000000790600000,0x0000000790700000)]
  0x000001a636334330 JavaThread "pool-1-thread-1" [_thread_blocked, id=72648, stack(0x0000000791400000,0x0000000791500000)]
  0x000001a63632e7c0 JavaThread "Timer-0" [_thread_blocked, id=14856, stack(0x0000000790700000,0x0000000790800000)]
  0x000001a63632ec90 JavaThread "Connection worker" [_thread_blocked, id=7980, stack(0x0000000790b00000,0x0000000790c00000)]
  0x000001a63632f160 JavaThread "Distribution download" daemon [_thread_in_native, id=71192, stack(0x0000000791600000,0x0000000791700000)]
  0x000001a637f59d70 JavaThread "C2 CompilerThread1" daemon [_thread_in_native, id=13780, stack(0x000000078e700000,0x000000078e800000)]

Other Threads:
  0x000001a6346b14b0 VMThread "VM Thread" [stack: 0x000000078eb00000,0x000000078ec00000] [id=62360]
  0x000001a6349d0800 WatcherThread [stack: 0x000000078f800000,0x000000078f900000] [id=64096]
  0x000001a61b706a00 GCTaskThread "GC Thread#0" [stack: 0x000000078ea00000,0x000000078eb00000] [id=70768]
  0x000001a635ead2e0 GCTaskThread "GC Thread#1" [stack: 0x000000078f900000,0x000000078fa00000] [id=72212]
  0x000001a63600ae70 GCTaskThread "GC Thread#2" [stack: 0x000000078fa00000,0x000000078fb00000] [id=71904]
  0x000001a63600b120 GCTaskThread "GC Thread#3" [stack: 0x000000078fb00000,0x000000078fc00000] [id=72184]
  0x000001a63600b3d0 GCTaskThread "GC Thread#4" [stack: 0x000000078fc00000,0x000000078fd00000] [id=72144]
  0x000001a63600be90 GCTaskThread "GC Thread#5" [stack: 0x000000078fd00000,0x000000078fe00000] [id=72160]
  0x000001a635aef910 GCTaskThread "GC Thread#6" [stack: 0x000000078fe00000,0x000000078ff00000] [id=72128]
  0x000001a635e1f780 GCTaskThread "GC Thread#7" [stack: 0x0000000790200000,0x0000000790300000] [id=25884]

Threads with active compile tasks:
C2 CompilerThread0    77122 7539 %     4       org.eclipse.jdt.internal.core.search.indexing.BinaryIndexer::extractReferenceFromConstantPool @ 15 (351 bytes)
C2 CompilerThread1    77124 7540 %     4       java.net.URI::quote @ 24 (214 bytes)

VM state: not at safepoint (normal execution)

VM Mutex/Monitor currently owned by a thread: None

Heap address: 0x00000000c0000000, size: 1024 MB, Compressed Oops mode: 32-bit

CDS archive(s) not mapped
Compressed class space mapped at: 0x0000000100000000-0x0000000140000000, reserved size: 1073741824
Narrow klass base: 0x0000000000000000, Narrow klass shift: 3, Narrow klass range: 0x140000000

GC Precious Log:
 CPUs: 8 total, 8 available
 Memory: 16211M
 Large Page Support: Disabled
 NUMA Support: Disabled
 Compressed Oops: Enabled (32-bit)
 Alignments: Space 512K, Generation 512K, Heap 2M
 Heap Min Capacity: 100M
 Heap Initial Capacity: 100M
 Heap Max Capacity: 1G
 Pre-touch: Disabled
 Parallel Workers: 8

Heap:
 PSYoungGen      total 18944K, used 15671K [0x00000000eab00000, 0x00000000ebf00000, 0x0000000100000000)
  eden space 17408K, 84% used [0x00000000eab00000,0x00000000eb961858,0x00000000ebc00000)
  from space 1536K, 61% used [0x00000000ebd80000,0x00000000ebe6c3e8,0x00000000ebf00000)
  to   space 1536K, 0% used [0x00000000ebc00000,0x00000000ebc00000,0x00000000ebd80000)
 ParOldGen       total 68608K, used 40359K [0x00000000c0000000, 0x00000000c4300000, 0x00000000eab00000)
  object space 68608K, 58% used [0x00000000c0000000,0x00000000c2769cf8,0x00000000c4300000)
 Metaspace       used 57227K, committed 58112K, reserved 1114112K
  class space    used 6310K, committed 6720K, reserved 1048576K

Card table byte_map: [0x000001a61b0b0000,0x000001a61b2c0000] _byte_map_base: 0x000001a61aab0000

Marking Bits: (ParMarkBitMap*) 0x00007ff9066c52c0
 Begin Bits: [0x000001a62d360000, 0x000001a62e360000)
 End Bits:   [0x000001a62e360000, 0x000001a62f360000)

Polling page: 0x000001a61aea0000

Metaspace:

Usage:
  Non-class:     49.72 MB used.
      Class:      6.16 MB used.
       Both:     55.89 MB used.

Virtual space:
  Non-class space:       64.00 MB reserved,      50.19 MB ( 78%) committed,  1 nodes.
      Class space:        1.00 GB reserved,       6.56 MB ( <1%) committed,  1 nodes.
             Both:        1.06 GB reserved,      56.75 MB (  5%) committed. 

Chunk freelists:
   Non-Class:  13.78 MB
       Class:  9.30 MB
        Both:  23.08 MB

MaxMetaspaceSize: unlimited
CompressedClassSpaceSize: 1.00 GB
Initial GC threshold: 21.00 MB
Current GC threshold: 58.38 MB
CDS: off
MetaspaceReclaimPolicy: balanced
 - commit_granule_bytes: 65536.
 - commit_granule_words: 8192.
 - virtual_space_node_default_size: 8388608.
 - enlarge_chunks_in_place: 1.
 - new_chunks_are_fully_committed: 0.
 - uncommit_free_chunks: 1.
 - use_allocation_guard: 0.
 - handle_deallocations: 1.


Internal statistics:

num_allocs_failed_limit: 6.
num_arena_births: 368.
num_arena_deaths: 14.
num_vsnodes_births: 2.
num_vsnodes_deaths: 0.
num_space_committed: 908.
num_space_uncommitted: 0.
num_chunks_returned_to_freelist: 20.
num_chunks_taken_from_freelist: 2380.
num_chunk_merges: 7.
num_chunk_splits: 1465.
num_chunks_enlarged: 874.
num_inconsistent_stats: 0.

CodeHeap 'non-profiled nmethods': size=120000Kb used=4440Kb max_used=4440Kb free=115559Kb
 bounds [0x000001a625e30000, 0x000001a626290000, 0x000001a62d360000]
CodeHeap 'profiled nmethods': size=120000Kb used=14461Kb max_used=14461Kb free=105539Kb
 bounds [0x000001a61e360000, 0x000001a61f180000, 0x000001a625890000]
CodeHeap 'non-nmethods': size=5760Kb used=1334Kb max_used=1397Kb free=4425Kb
 bounds [0x000001a625890000, 0x000001a625b00000, 0x000001a625e30000]
 total_blobs=7492 nmethods=6824 adapters=582
 compilation: enabled
              stopped_count=0, restarted_count=0
 full_count=0

Compilation events (20 events):
Event: 73.823 Thread 0x000001a634704da0 nmethod 7547 0x000001a61f16a910 code [0x000001a61f16ac20, 0x000001a61f16bda8]
Event: 73.823 Thread 0x000001a634704da0 7548       3       jdk.internal.jrtfs.JrtFileSystem::getFileContent (49 bytes)
Event: 73.824 Thread 0x000001a634704da0 nmethod 7548 0x000001a61f16c310 code [0x000001a61f16c580, 0x000001a61f16cec8]
Event: 73.824 Thread 0x000001a634704da0 7549       3       org.eclipse.jdt.internal.core.search.matching.ConstructorPattern::encodeExtraFlags (49 bytes)
Event: 73.824 Thread 0x000001a634704da0 nmethod 7549 0x000001a61f16d290 code [0x000001a61f16d420, 0x000001a61f16d638]
Event: 73.832 Thread 0x000001a634704da0 7550       3       org.eclipse.jdt.internal.compiler.util.JrtFileSystem$$Lambda$368/0x000000010058bc60::apply (8 bytes)
Event: 73.833 Thread 0x000001a634704da0 nmethod 7550 0x000001a61f16d710 code [0x000001a61f16d920, 0x000001a61f16dfe8]
Event: 73.833 Thread 0x000001a634704da0 7551   !   3       org.eclipse.jdt.internal.compiler.util.JrtFileSystem::lambda$1 (18 bytes)
Event: 73.833 Thread 0x000001a634704da0 nmethod 7551 0x000001a61f16e290 code [0x000001a61f16e480, 0x000001a61f16e9c8]
Event: 73.847 Thread 0x000001a634704da0 7552   !   3       org.eclipse.jdt.internal.core.search.indexing.BinaryIndexer::indexDocument (1167 bytes)
Event: 74.878 Thread 0x000001a634704da0 nmethod 7552 0x000001a61f16ec10 code [0x000001a61f16f500, 0x000001a61f174cc8]
Event: 74.878 Thread 0x000001a634704da0 7553       3       org.eclipse.jdt.internal.core.search.indexing.BinaryIndexer::extractArgCount (316 bytes)
Event: 74.879 Thread 0x000001a634704da0 nmethod 7553 0x000001a61f178510 code [0x000001a61f178760, 0x000001a61f179278]
Event: 74.886 Thread 0x000001a634704da0 7556       3       java.lang.AbstractStringBuilder::getChars (61 bytes)
Event: 74.886 Thread 0x000001a634704da0 nmethod 7556 0x000001a61f179610 code [0x000001a61f179800, 0x000001a61f179b78]
Event: 75.007 Thread 0x000001a634704da0 7557   !   3       org.eclipse.jdt.internal.core.search.indexing.BinaryContainer::isValidPackageNameForClassOrisModule (158 bytes)
Event: 75.008 Thread 0x000001a634704da0 nmethod 7557 0x000001a61f179d10 code [0x000001a61f179fa0, 0x000001a61f17aa38]
Event: 75.009 Thread 0x000001a634704da0 7558       3       org.eclipse.jdt.internal.core.search.JavaSearchParticipant::indexDocument (89 bytes)
Event: 75.010 Thread 0x000001a634704da0 nmethod 7558 0x000001a61f17ae90 code [0x000001a61f17b160, 0x000001a61f17beb8]
Event: 75.011 Thread 0x000001a634704da0 7559       3       org.eclipse.jdt.internal.core.search.matching.TypeDeclarationPattern::createIndexKey (300 bytes)

GC Heap History (20 events):
Event: 43.809 GC heap before
{Heap before GC invocations=21 (full 2):
 PSYoungGen      total 23552K, used 23285K [0x00000000eab00000, 0x00000000ec600000, 0x0000000100000000)
  eden space 21504K, 100% used [0x00000000eab00000,0x00000000ec000000,0x00000000ec000000)
  from space 2048K, 86% used [0x00000000ec400000,0x00000000ec5bd668,0x00000000ec600000)
  to   space 2560K, 0% used [0x00000000ec100000,0x00000000ec100000,0x00000000ec380000)
 ParOldGen       total 68608K, used 24059K [0x00000000c0000000, 0x00000000c4300000, 0x00000000eab00000)
  object space 68608K, 35% used [0x00000000c0000000,0x00000000c177ee68,0x00000000c4300000)
 Metaspace       used 53727K, committed 54400K, reserved 1114112K
  class space    used 5903K, committed 6208K, reserved 1048576K
}
Event: 43.815 GC heap after
{Heap after GC invocations=21 (full 2):
 PSYoungGen      total 23552K, used 1712K [0x00000000eab00000, 0x00000000ec480000, 0x0000000100000000)
  eden space 21504K, 0% used [0x00000000eab00000,0x00000000eab00000,0x00000000ec000000)
  from space 2048K, 83% used [0x00000000ec100000,0x00000000ec2ac030,0x00000000ec300000)
  to   space 1536K, 0% used [0x00000000ec300000,0x00000000ec300000,0x00000000ec480000)
 ParOldGen       total 68608K, used 25705K [0x00000000c0000000, 0x00000000c4300000, 0x00000000eab00000)
  object space 68608K, 37% used [0x00000000c0000000,0x00000000c191a6b8,0x00000000c4300000)
 Metaspace       used 53727K, committed 54400K, reserved 1114112K
  class space    used 5903K, committed 6208K, reserved 1048576K
}
Event: 44.147 GC heap before
{Heap before GC invocations=22 (full 2):
 PSYoungGen      total 23552K, used 23216K [0x00000000eab00000, 0x00000000ec480000, 0x0000000100000000)
  eden space 21504K, 100% used [0x00000000eab00000,0x00000000ec000000,0x00000000ec000000)
  from space 2048K, 83% used [0x00000000ec100000,0x00000000ec2ac030,0x00000000ec300000)
  to   space 1536K, 0% used [0x00000000ec300000,0x00000000ec300000,0x00000000ec480000)
 ParOldGen       total 68608K, used 25705K [0x00000000c0000000, 0x00000000c4300000, 0x00000000eab00000)
  object space 68608K, 37% used [0x00000000c0000000,0x00000000c191a6b8,0x00000000c4300000)
 Metaspace       used 54206K, committed 54976K, reserved 1114112K
  class space    used 5967K, committed 6336K, reserved 1048576K
}
Event: 44.152 GC heap after
{Heap after GC invocations=22 (full 2):
 PSYoungGen      total 21504K, used 1504K [0x00000000eab00000, 0x00000000ec900000, 0x0000000100000000)
  eden space 19968K, 0% used [0x00000000eab00000,0x00000000eab00000,0x00000000ebe80000)
  from space 1536K, 97% used [0x00000000ec300000,0x00000000ec478010,0x00000000ec480000)
  to   space 4608K, 0% used [0x00000000ebe80000,0x00000000ebe80000,0x00000000ec300000)
 ParOldGen       total 68608K, used 28113K [0x00000000c0000000, 0x00000000c4300000, 0x00000000eab00000)
  object space 68608K, 40% used [0x00000000c0000000,0x00000000c1b74708,0x00000000c4300000)
 Metaspace       used 54206K, committed 54976K, reserved 1114112K
  class space    used 5967K, committed 6336K, reserved 1048576K
}
Event: 44.435 GC heap before
{Heap before GC invocations=23 (full 2):
 PSYoungGen      total 21504K, used 21472K [0x00000000eab00000, 0x00000000ec900000, 0x0000000100000000)
  eden space 19968K, 100% used [0x00000000eab00000,0x00000000ebe80000,0x00000000ebe80000)
  from space 1536K, 97% used [0x00000000ec300000,0x00000000ec478010,0x00000000ec480000)
  to   space 4608K, 0% used [0x00000000ebe80000,0x00000000ebe80000,0x00000000ec300000)
 ParOldGen       total 68608K, used 28113K [0x00000000c0000000, 0x00000000c4300000, 0x00000000eab00000)
  object space 68608K, 40% used [0x00000000c0000000,0x00000000c1b74708,0x00000000c4300000)
 Metaspace       used 54325K, committed 55040K, reserved 1114112K
  class space    used 5982K, committed 6336K, reserved 1048576K
}
Event: 44.438 GC heap after
{Heap after GC invocations=23 (full 2):
 PSYoungGen      total 22016K, used 1664K [0x00000000eab00000, 0x00000000ec380000, 0x0000000100000000)
  eden space 19968K, 0% used [0x00000000eab00000,0x00000000eab00000,0x00000000ebe80000)
  from space 2048K, 81% used [0x00000000ebe80000,0x00000000ec020000,0x00000000ec080000)
  to   space 2560K, 0% used [0x00000000ec100000,0x00000000ec100000,0x00000000ec380000)
 ParOldGen       total 68608K, used 29597K [0x00000000c0000000, 0x00000000c4300000, 0x00000000eab00000)
  object space 68608K, 43% used [0x00000000c0000000,0x00000000c1ce77b0,0x00000000c4300000)
 Metaspace       used 54325K, committed 55040K, reserved 1114112K
  class space    used 5982K, committed 6336K, reserved 1048576K
}
Event: 44.578 GC heap before
{Heap before GC invocations=24 (full 2):
 PSYoungGen      total 22016K, used 21632K [0x00000000eab00000, 0x00000000ec380000, 0x0000000100000000)
  eden space 19968K, 100% used [0x00000000eab00000,0x00000000ebe80000,0x00000000ebe80000)
  from space 2048K, 81% used [0x00000000ebe80000,0x00000000ec020000,0x00000000ec080000)
  to   space 2560K, 0% used [0x00000000ec100000,0x00000000ec100000,0x00000000ec380000)
 ParOldGen       total 68608K, used 29597K [0x00000000c0000000, 0x00000000c4300000, 0x00000000eab00000)
  object space 68608K, 43% used [0x00000000c0000000,0x00000000c1ce77b0,0x00000000c4300000)
 Metaspace       used 54375K, committed 55168K, reserved 1114112K
  class space    used 5993K, committed 6336K, reserved 1048576K
}
Event: 44.581 GC heap after
{Heap after GC invocations=24 (full 2):
 PSYoungGen      total 22528K, used 2304K [0x00000000eab00000, 0x00000000ec380000, 0x0000000100000000)
  eden space 19968K, 0% used [0x00000000eab00000,0x00000000eab00000,0x00000000ebe80000)
  from space 2560K, 90% used [0x00000000ec100000,0x00000000ec340020,0x00000000ec380000)
  to   space 2560K, 0% used [0x00000000ebe80000,0x00000000ebe80000,0x00000000ec100000)
 ParOldGen       total 68608K, used 31125K [0x00000000c0000000, 0x00000000c4300000, 0x00000000eab00000)
  object space 68608K, 45% used [0x00000000c0000000,0x00000000c1e657b0,0x00000000c4300000)
 Metaspace       used 54375K, committed 55168K, reserved 1114112K
  class space    used 5993K, committed 6336K, reserved 1048576K
}
Event: 44.667 GC heap before
{Heap before GC invocations=25 (full 2):
 PSYoungGen      total 22528K, used 22272K [0x00000000eab00000, 0x00000000ec380000, 0x0000000100000000)
  eden space 19968K, 100% used [0x00000000eab00000,0x00000000ebe80000,0x00000000ebe80000)
  from space 2560K, 90% used [0x00000000ec100000,0x00000000ec340020,0x00000000ec380000)
  to   space 2560K, 0% used [0x00000000ebe80000,0x00000000ebe80000,0x00000000ec100000)
 ParOldGen       total 68608K, used 31125K [0x00000000c0000000, 0x00000000c4300000, 0x00000000eab00000)
  object space 68608K, 45% used [0x00000000c0000000,0x00000000c1e657b0,0x00000000c4300000)
 Metaspace       used 54375K, committed 55168K, reserved 1114112K
  class space    used 5993K, committed 6336K, reserved 1048576K
}
Event: 44.671 GC heap after
{Heap after GC invocations=25 (full 2):
 PSYoungGen      total 22016K, used 1888K [0x00000000eab00000, 0x00000000ec280000, 0x0000000100000000)
  eden space 19968K, 0% used [0x00000000eab00000,0x00000000eab00000,0x00000000ebe80000)
  from space 2048K, 92% used [0x00000000ebe80000,0x00000000ec058000,0x00000000ec080000)
  to   space 2048K, 0% used [0x00000000ec080000,0x00000000ec080000,0x00000000ec280000)
 ParOldGen       total 68608K, used 33306K [0x00000000c0000000, 0x00000000c4300000, 0x00000000eab00000)
  object space 68608K, 48% used [0x00000000c0000000,0x00000000c2086840,0x00000000c4300000)
 Metaspace       used 54375K, committed 55168K, reserved 1114112K
  class space    used 5993K, committed 6336K, reserved 1048576K
}
Event: 44.830 GC heap before
{Heap before GC invocations=26 (full 2):
 PSYoungGen      total 22016K, used 21856K [0x00000000eab00000, 0x00000000ec280000, 0x0000000100000000)
  eden space 19968K, 100% used [0x00000000eab00000,0x00000000ebe80000,0x00000000ebe80000)
  from space 2048K, 92% used [0x00000000ebe80000,0x00000000ec058000,0x00000000ec080000)
  to   space 2048K, 0% used [0x00000000ec080000,0x00000000ec080000,0x00000000ec280000)
 ParOldGen       total 68608K, used 33306K [0x00000000c0000000, 0x00000000c4300000, 0x00000000eab00000)
  object space 68608K, 48% used [0x00000000c0000000,0x00000000c2086840,0x00000000c4300000)
 Metaspace       used 54375K, committed 55168K, reserved 1114112K
  class space    used 5993K, committed 6336K, reserved 1048576K
}
Event: 44.834 GC heap after
{Heap after GC invocations=26 (full 2):
 PSYoungGen      total 19456K, used 2016K [0x00000000eab00000, 0x00000000ec780000, 0x0000000100000000)
  eden space 17408K, 0% used [0x00000000eab00000,0x00000000eab00000,0x00000000ebc00000)
  from space 2048K, 98% used [0x00000000ec080000,0x00000000ec278010,0x00000000ec280000)
  to   space 4608K, 0% used [0x00000000ebc00000,0x00000000ebc00000,0x00000000ec080000)
 ParOldGen       total 68608K, used 35130K [0x00000000c0000000, 0x00000000c4300000, 0x00000000eab00000)
  object space 68608K, 51% used [0x00000000c0000000,0x00000000c224e840,0x00000000c4300000)
 Metaspace       used 54375K, committed 55168K, reserved 1114112K
  class space    used 5993K, committed 6336K, reserved 1048576K
}
Event: 44.913 GC heap before
{Heap before GC invocations=27 (full 2):
 PSYoungGen      total 19456K, used 19424K [0x00000000eab00000, 0x00000000ec780000, 0x0000000100000000)
  eden space 17408K, 100% used [0x00000000eab00000,0x00000000ebc00000,0x00000000ebc00000)
  from space 2048K, 98% used [0x00000000ec080000,0x00000000ec278010,0x00000000ec280000)
  to   space 4608K, 0% used [0x00000000ebc00000,0x00000000ebc00000,0x00000000ec080000)
 ParOldGen       total 68608K, used 35130K [0x00000000c0000000, 0x00000000c4300000, 0x00000000eab00000)
  object space 68608K, 51% used [0x00000000c0000000,0x00000000c224e840,0x00000000c4300000)
 Metaspace       used 54376K, committed 55168K, reserved 1114112K
  class space    used 5993K, committed 6336K, reserved 1048576K
}
Event: 44.917 GC heap after
{Heap after GC invocations=27 (full 2):
 PSYoungGen      total 19456K, used 1568K [0x00000000eab00000, 0x00000000ec100000, 0x0000000100000000)
  eden space 17408K, 0% used [0x00000000eab00000,0x00000000eab00000,0x00000000ebc00000)
  from space 2048K, 76% used [0x00000000ebc00000,0x00000000ebd88000,0x00000000ebe00000)
  to   space 2560K, 0% used [0x00000000ebe80000,0x00000000ebe80000,0x00000000ec100000)
 ParOldGen       total 68608K, used 37154K [0x00000000c0000000, 0x00000000c4300000, 0x00000000eab00000)
  object space 68608K, 54% used [0x00000000c0000000,0x00000000c2448850,0x00000000c4300000)
 Metaspace       used 54376K, committed 55168K, reserved 1114112K
  class space    used 5993K, committed 6336K, reserved 1048576K
}
Event: 46.732 GC heap before
{Heap before GC invocations=28 (full 2):
 PSYoungGen      total 19456K, used 18976K [0x00000000eab00000, 0x00000000ec100000, 0x0000000100000000)
  eden space 17408K, 100% used [0x00000000eab00000,0x00000000ebc00000,0x00000000ebc00000)
  from space 2048K, 76% used [0x00000000ebc00000,0x00000000ebd88000,0x00000000ebe00000)
  to   space 2560K, 0% used [0x00000000ebe80000,0x00000000ebe80000,0x00000000ec100000)
 ParOldGen       total 68608K, used 37154K [0x00000000c0000000, 0x00000000c4300000, 0x00000000eab00000)
  object space 68608K, 54% used [0x00000000c0000000,0x00000000c2448850,0x00000000c4300000)
 Metaspace       used 54763K, committed 55552K, reserved 1114112K
  class space    used 6009K, committed 6336K, reserved 1048576K
}
Event: 46.736 GC heap after
{Heap after GC invocations=28 (full 2):
 PSYoungGen      total 19456K, used 1751K [0x00000000eab00000, 0x00000000ec080000, 0x0000000100000000)
  eden space 17408K, 0% used [0x00000000eab00000,0x00000000eab00000,0x00000000ebc00000)
  from space 2048K, 85% used [0x00000000ebe80000,0x00000000ec035cb8,0x00000000ec080000)
  to   space 2048K, 0% used [0x00000000ebc00000,0x00000000ebc00000,0x00000000ebe00000)
 ParOldGen       total 68608K, used 38584K [0x00000000c0000000, 0x00000000c4300000, 0x00000000eab00000)
  object space 68608K, 56% used [0x00000000c0000000,0x00000000c25ae0d0,0x00000000c4300000)
 Metaspace       used 54763K, committed 55552K, reserved 1114112K
  class space    used 6009K, committed 6336K, reserved 1048576K
}
Event: 53.246 GC heap before
{Heap before GC invocations=29 (full 2):
 PSYoungGen      total 19456K, used 19159K [0x00000000eab00000, 0x00000000ec080000, 0x0000000100000000)
  eden space 17408K, 100% used [0x00000000eab00000,0x00000000ebc00000,0x00000000ebc00000)
  from space 2048K, 85% used [0x00000000ebe80000,0x00000000ec035cb8,0x00000000ec080000)
  to   space 2048K, 0% used [0x00000000ebc00000,0x00000000ebc00000,0x00000000ebe00000)
 ParOldGen       total 68608K, used 38584K [0x00000000c0000000, 0x00000000c4300000, 0x00000000eab00000)
  object space 68608K, 56% used [0x00000000c0000000,0x00000000c25ae0d0,0x00000000c4300000)
 Metaspace       used 56189K, committed 56960K, reserved 1114112K
  class space    used 6226K, committed 6592K, reserved 1048576K
}
Event: 53.249 GC heap after
{Heap after GC invocations=29 (full 2):
 PSYoungGen      total 18944K, used 1232K [0x00000000eab00000, 0x00000000ebf00000, 0x0000000100000000)
  eden space 17408K, 0% used [0x00000000eab00000,0x00000000eab00000,0x00000000ebc00000)
  from space 1536K, 80% used [0x00000000ebc00000,0x00000000ebd34090,0x00000000ebd80000)
  to   space 1536K, 0% used [0x00000000ebd80000,0x00000000ebd80000,0x00000000ebf00000)
 ParOldGen       total 68608K, used 40021K [0x00000000c0000000, 0x00000000c4300000, 0x00000000eab00000)
  object space 68608K, 58% used [0x00000000c0000000,0x00000000c2715428,0x00000000c4300000)
 Metaspace       used 56189K, committed 56960K, reserved 1114112K
  class space    used 6226K, committed 6592K, reserved 1048576K
}
Event: 73.062 GC heap before
{Heap before GC invocations=30 (full 2):
 PSYoungGen      total 18944K, used 18639K [0x00000000eab00000, 0x00000000ebf00000, 0x0000000100000000)
  eden space 17408K, 99% used [0x00000000eab00000,0x00000000ebbffb70,0x00000000ebc00000)
  from space 1536K, 80% used [0x00000000ebc00000,0x00000000ebd34090,0x00000000ebd80000)
  to   space 1536K, 0% used [0x00000000ebd80000,0x00000000ebd80000,0x00000000ebf00000)
 ParOldGen       total 68608K, used 40021K [0x00000000c0000000, 0x00000000c4300000, 0x00000000eab00000)
  object space 68608K, 58% used [0x00000000c0000000,0x00000000c2715428,0x00000000c4300000)
 Metaspace       used 57100K, committed 57920K, reserved 1114112K
  class space    used 6305K, committed 6656K, reserved 1048576K
}
Event: 73.064 GC heap after
{Heap after GC invocations=30 (full 2):
 PSYoungGen      total 18944K, used 944K [0x00000000eab00000, 0x00000000ebf00000, 0x0000000100000000)
  eden space 17408K, 0% used [0x00000000eab00000,0x00000000eab00000,0x00000000ebc00000)
  from space 1536K, 61% used [0x00000000ebd80000,0x00000000ebe6c3e8,0x00000000ebf00000)
  to   space 1536K, 0% used [0x00000000ebc00000,0x00000000ebc00000,0x00000000ebd80000)
 ParOldGen       total 68608K, used 40359K [0x00000000c0000000, 0x00000000c4300000, 0x00000000eab00000)
  object space 68608K, 58% used [0x00000000c0000000,0x00000000c2769cf8,0x00000000c4300000)
 Metaspace       used 57100K, committed 57920K, reserved 1114112K
  class space    used 6305K, committed 6656K, reserved 1048576K
}

Dll operation events (13 events):
Event: 0.035 Loaded shared library c:\Users\Aar Kay\.vscode\extensions\redhat.java-1.20.0-win32-x64\jre\17.0.7-win32-x86_64\bin\java.dll
Event: 0.417 Loaded shared library c:\Users\Aar Kay\.vscode\extensions\redhat.java-1.20.0-win32-x64\jre\17.0.7-win32-x86_64\bin\zip.dll
Event: 0.429 Loaded shared library C:\Users\Aar Kay\.vscode\extensions\redhat.java-1.20.0-win32-x64\jre\17.0.7-win32-x86_64\bin\instrument.dll
Event: 0.475 Loaded shared library C:\Users\Aar Kay\.vscode\extensions\redhat.java-1.20.0-win32-x64\jre\17.0.7-win32-x86_64\bin\net.dll
Event: 0.483 Loaded shared library C:\Users\Aar Kay\.vscode\extensions\redhat.java-1.20.0-win32-x64\jre\17.0.7-win32-x86_64\bin\nio.dll
Event: 0.498 Loaded shared library C:\Users\Aar Kay\.vscode\extensions\redhat.java-1.20.0-win32-x64\jre\17.0.7-win32-x86_64\bin\zip.dll
Event: 0.530 Loaded shared library C:\Users\Aar Kay\.vscode\extensions\redhat.java-1.20.0-win32-x64\jre\17.0.7-win32-x86_64\bin\jimage.dll
Event: 0.760 Loaded shared library c:\Users\Aar Kay\.vscode\extensions\redhat.java-1.20.0-win32-x64\jre\17.0.7-win32-x86_64\bin\verify.dll
Event: 19.242 Loaded shared library C:\Users\Aar Kay\AppData\Roaming\Code\User\globalStorage\redhat.java\1.20.0\config_win\org.eclipse.equinox.launcher\org.eclipse.equinox.launcher.win32.win32.x86_64_1.2.700.v20221108-1024\eclipse_11801.dll
Event: 23.308 Loaded shared library C:\Users\Aar Kay\.vscode\extensions\redhat.java-1.20.0-win32-x64\jre\17.0.7-win32-x86_64\bin\management.dll
Event: 23.331 Loaded shared library C:\Users\Aar Kay\.vscode\extensions\redhat.java-1.20.0-win32-x64\jre\17.0.7-win32-x86_64\bin\management_ext.dll
Event: 35.575 Loaded shared library C:\Users\Aar Kay\AppData\Local\Temp\jna-441534677\jna4860188440561569468.dll
Event: 42.888 Loaded shared library C:\Users\Aar Kay\.vscode\extensions\redhat.java-1.20.0-win32-x64\jre\17.0.7-win32-x86_64\bin\sunmscapi.dll

Deoptimization events (20 events):
Event: 73.549 Thread 0x000001a63632d480 DEOPT PACKING pc=0x000001a61f0d7b6d sp=0x00000007909fe8a0
Event: 73.549 Thread 0x000001a63632d480 DEOPT UNPACKING pc=0x000001a6258e6e43 sp=0x00000007909fdd28 mode 0
Event: 73.549 Thread 0x000001a63632d480 DEOPT PACKING pc=0x000001a61f0f4dad sp=0x00000007909fea80
Event: 73.549 Thread 0x000001a63632d480 DEOPT UNPACKING pc=0x000001a6258e6e43 sp=0x00000007909fdf18 mode 0
Event: 73.577 Thread 0x000001a63632d480 DEOPT PACKING pc=0x000001a61f1027f7 sp=0x00000007909fea60
Event: 73.577 Thread 0x000001a63632d480 DEOPT UNPACKING pc=0x000001a6258e6e43 sp=0x00000007909fde90 mode 0
Event: 73.635 Thread 0x000001a63632d480 DEOPT PACKING pc=0x000001a61f1152e6 sp=0x00000007909feb80
Event: 73.635 Thread 0x000001a63632d480 DEOPT UNPACKING pc=0x000001a6258e6e43 sp=0x00000007909fe030 mode 0
Event: 73.735 Thread 0x000001a63632d480 DEOPT PACKING pc=0x000001a61f119a93 sp=0x00000007909feb00
Event: 73.735 Thread 0x000001a63632d480 DEOPT UNPACKING pc=0x000001a6258e6e43 sp=0x00000007909fdf40 mode 0
Event: 73.742 Thread 0x000001a63632d480 Uncommon trap: trap_request=0xffffff45 fr.pc=0x000001a626284068 relative=0x0000000000000968
Event: 73.742 Thread 0x000001a63632d480 Uncommon trap: reason=unstable_if action=reinterpret pc=0x000001a626284068 method=org.eclipse.jdt.internal.core.search.indexing.BinaryIndexer.addTypeReference([C)V @ 15 c2
Event: 73.742 Thread 0x000001a63632d480 DEOPT PACKING pc=0x000001a626284068 sp=0x00000007909fea80
Event: 73.742 Thread 0x000001a63632d480 DEOPT UNPACKING pc=0x000001a6258e66a3 sp=0x00000007909fea50 mode 2
Event: 73.774 Thread 0x000001a63632d480 DEOPT PACKING pc=0x000001a61f106d99 sp=0x00000007909febe0
Event: 73.774 Thread 0x000001a63632d480 DEOPT UNPACKING pc=0x000001a6258e6e43 sp=0x00000007909fe038 mode 0
Event: 73.812 Thread 0x000001a63632d480 DEOPT PACKING pc=0x000001a61f122fb9 sp=0x00000007909fe980
Event: 73.812 Thread 0x000001a63632d480 DEOPT UNPACKING pc=0x000001a6258e6e43 sp=0x00000007909fdd78 mode 0
Event: 74.849 Thread 0x000001a63632d480 DEOPT PACKING pc=0x000001a61f13c086 sp=0x00000007909feac0
Event: 74.849 Thread 0x000001a63632d480 DEOPT UNPACKING pc=0x000001a6258e6e43 sp=0x00000007909fdee0 mode 0

Classes unloaded (7 events):
Event: 23.469 Thread 0x000001a6346b14b0 Unloading class 0x0000000100222000 'java/lang/invoke/LambdaForm$MH+0x0000000100222000'
Event: 23.469 Thread 0x000001a6346b14b0 Unloading class 0x0000000100221c00 'java/lang/invoke/LambdaForm$MH+0x0000000100221c00'
Event: 23.469 Thread 0x000001a6346b14b0 Unloading class 0x0000000100221800 'java/lang/invoke/LambdaForm$MH+0x0000000100221800'
Event: 23.469 Thread 0x000001a6346b14b0 Unloading class 0x0000000100221400 'java/lang/invoke/LambdaForm$MH+0x0000000100221400'
Event: 23.469 Thread 0x000001a6346b14b0 Unloading class 0x0000000100220c00 'java/lang/invoke/LambdaForm$BMH+0x0000000100220c00'
Event: 23.469 Thread 0x000001a6346b14b0 Unloading class 0x0000000100220800 'java/lang/invoke/LambdaForm$DMH+0x0000000100220800'
Event: 23.469 Thread 0x000001a6346b14b0 Unloading class 0x000000010021e000 'java/lang/invoke/LambdaForm$DMH+0x000000010021e000'

Classes redefined (0 events):
No events

Internal exceptions (20 events):
Event: 45.208 Thread 0x000001a636333990 Exception <a 'sun/nio/fs/WindowsException'{0x00000000eb292508}> (0x00000000eb292508) 
thrown [s\src\hotspot\share\prims\jni.cpp, line 516]
Event: 45.208 Thread 0x000001a636333990 Exception <a 'sun/nio/fs/WindowsException'{0x00000000eb292bd0}> (0x00000000eb292bd0) 
thrown [s\src\hotspot\share\prims\jni.cpp, line 516]
Event: 45.209 Thread 0x000001a636333990 Exception <a 'sun/nio/fs/WindowsException'{0x00000000eb293298}> (0x00000000eb293298) 
thrown [s\src\hotspot\share\prims\jni.cpp, line 516]
Event: 45.209 Thread 0x000001a636333990 Exception <a 'sun/nio/fs/WindowsException'{0x00000000eb293980}> (0x00000000eb293980) 
thrown [s\src\hotspot\share\prims\jni.cpp, line 516]
Event: 45.215 Thread 0x000001a636333990 Exception <a 'sun/nio/fs/WindowsException'{0x00000000eb298478}> (0x00000000eb298478) 
thrown [s\src\hotspot\share\prims\jni.cpp, line 516]
Event: 45.215 Thread 0x000001a636333990 Exception <a 'sun/nio/fs/WindowsException'{0x00000000eb298b70}> (0x00000000eb298b70) 
thrown [s\src\hotspot\share\prims\jni.cpp, line 516]
Event: 45.216 Thread 0x000001a636333990 Exception <a 'sun/nio/fs/WindowsException'{0x00000000eb299268}> (0x00000000eb299268) 
thrown [s\src\hotspot\share\prims\jni.cpp, line 516]
Event: 45.216 Thread 0x000001a636333990 Exception <a 'sun/nio/fs/WindowsException'{0x00000000eb299980}> (0x00000000eb299980) 
thrown [s\src\hotspot\share\prims\jni.cpp, line 516]
Event: 45.219 Thread 0x000001a636333990 Exception <a 'sun/nio/fs/WindowsException'{0x00000000eb29e140}> (0x00000000eb29e140) 
thrown [s\src\hotspot\share\prims\jni.cpp, line 516]
Event: 45.220 Thread 0x000001a636333990 Exception <a 'sun/nio/fs/WindowsException'{0x00000000eb29e798}> (0x00000000eb29e798) 
thrown [s\src\hotspot\share\prims\jni.cpp, line 516]
Event: 45.221 Thread 0x000001a636333990 Exception <a 'sun/nio/fs/WindowsException'{0x00000000eb29edf0}> (0x00000000eb29edf0) 
thrown [s\src\hotspot\share\prims\jni.cpp, line 516]
Event: 45.221 Thread 0x000001a636333990 Exception <a 'sun/nio/fs/WindowsException'{0x00000000eb29f460}> (0x00000000eb29f460) 
thrown [s\src\hotspot\share\prims\jni.cpp, line 516]
Event: 45.224 Thread 0x000001a636333990 Exception <a 'sun/nio/fs/WindowsException'{0x00000000eb2a4358}> (0x00000000eb2a4358) 
thrown [s\src\hotspot\share\prims\jni.cpp, line 516]
Event: 45.224 Thread 0x000001a636333990 Exception <a 'sun/nio/fs/WindowsException'{0x00000000eb2a4980}> (0x00000000eb2a4980) 
thrown [s\src\hotspot\share\prims\jni.cpp, line 516]
Event: 45.225 Thread 0x000001a636333990 Exception <a 'sun/nio/fs/WindowsException'{0x00000000eb2a4fa8}> (0x00000000eb2a4fa8) 
thrown [s\src\hotspot\share\prims\jni.cpp, line 516]
Event: 45.225 Thread 0x000001a636333990 Exception <a 'sun/nio/fs/WindowsException'{0x00000000eb2a55e8}> (0x00000000eb2a55e8) 
thrown [s\src\hotspot\share\prims\jni.cpp, line 516]
Event: 46.667 Thread 0x000001a636333990 Exception <a 'sun/nio/fs/WindowsException'{0x00000000ebae2548}> (0x00000000ebae2548) 
thrown [s\src\hotspot\share\prims\jni.cpp, line 516]
Event: 46.667 Thread 0x000001a636333990 Exception <a 'sun/nio/fs/WindowsException'{0x00000000ebae2b58}> (0x00000000ebae2b58) 
thrown [s\src\hotspot\share\prims\jni.cpp, line 516]
Event: 46.667 Thread 0x000001a636333990 Exception <a 'sun/nio/fs/WindowsException'{0x00000000ebae3178}> (0x00000000ebae3178) 
thrown [s\src\hotspot\share\prims\jni.cpp, line 516]
Event: 46.668 Thread 0x000001a636333990 Exception <a 'sun/nio/fs/WindowsException'{0x00000000ebae37a8}> (0x00000000ebae37a8) 
thrown [s\src\hotspot\share\prims\jni.cpp, line 516]

VM Operations (20 events):
Event: 58.749 Executing VM operation: Cleanup done
Event: 59.749 Executing VM operation: Cleanup
Event: 59.750 Executing VM operation: Cleanup done
Event: 60.751 Executing VM operation: Cleanup
Event: 60.751 Executing VM operation: Cleanup done
Event: 61.762 Executing VM operation: Cleanup
Event: 61.767 Executing VM operation: Cleanup done
Event: 62.767 Executing VM operation: Cleanup
Event: 62.767 Executing VM operation: Cleanup done
Event: 63.768 Executing VM operation: Cleanup
Event: 63.768 Executing VM operation: Cleanup done
Event: 65.769 Executing VM operation: Cleanup
Event: 69.723 Executing VM operation: Cleanup done
Event: 70.723 Executing VM operation: Cleanup
Event: 73.010 Executing VM operation: Cleanup done
Event: 73.062 Executing VM operation: ParallelGCFailedAllocation
Event: 73.065 Executing VM operation: ParallelGCFailedAllocation done
Event: 74.065 Executing VM operation: Cleanup
Event: 74.872 Executing VM operation: Cleanup done
Event: 75.872 Executing VM operation: Cleanup

Events (20 events):
Event: 52.359 loading class java/security/DigestInputStream done
Event: 52.489 Thread 0x000001a639af7dc0 Thread exited: 0x000001a639af7dc0
Event: 52.613 Thread 0x000001a63632e7c0 Thread added: 0x000001a63632e7c0
Event: 52.640 loading class java/util/concurrent/CopyOnWriteArraySet
Event: 52.640 loading class java/util/concurrent/CopyOnWriteArraySet done
Event: 52.830 loading class java/util/concurrent/ArrayBlockingQueue
Event: 52.831 loading class java/util/concurrent/ArrayBlockingQueue done
Event: 52.866 Thread 0x000001a63632ec90 Thread added: 0x000001a63632ec90
Event: 55.329 Thread 0x000001a636519010 Thread added: 0x000001a636519010
Event: 56.346 Thread 0x000001a63632f160 Thread added: 0x000001a63632f160
Event: 57.749 Thread 0x000001a63632ffd0 Thread added: 0x000001a63632ffd0
Event: 57.750 Thread 0x000001a63632ffd0 Thread exited: 0x000001a63632ffd0
Event: 57.917 Thread 0x000001a63632ffd0 Thread added: 0x000001a63632ffd0
Event: 57.919 Thread 0x000001a63632ffd0 Thread exited: 0x000001a63632ffd0
Event: 58.151 Thread 0x000001a636519010 Thread exited: 0x000001a636519010
Event: 58.966 Thread 0x000001a635ee3f40 Thread exited: 0x000001a635ee3f40
Event: 64.128 Thread 0x000001a637f58e40 Thread added: 0x000001a637f58e40
Event: 64.134 Thread 0x000001a637f5a790 Thread added: 0x000001a637f5a790
Event: 64.415 Thread 0x000001a637f5a790 Thread exited: 0x000001a637f5a790
Event: 64.961 Thread 0x000001a637f58e40 Thread exited: 0x000001a637f58e40


Dynamic libraries:
0x00007ff69da10000 - 0x00007ff69da1e000 	c:\Users\Aar Kay\.vscode\extensions\redhat.java-1.20.0-win32-x64\jre\17.0.7-win32-x86_64\bin\java.exe
0x00007ff9844b0000 - 0x00007ff9846de000 	C:\WINDOWS\SYSTEM32\ntdll.dll
0x00007ff983160000 - 0x00007ff983226000 	C:\WINDOWS\System32\KERNEL32.DLL
0x00007ff981ab0000 - 0x00007ff981e0a000 	C:\WINDOWS\System32\KERNELBASE.dll
0x00007ff97ec40000 - 0x00007ff97ecdd000 	C:\WINDOWS\SYSTEM32\apphelp.dll
0x00007ff981e10000 - 0x00007ff981f43000 	C:\WINDOWS\System32\ucrtbase.dll
0x00007ff95e280000 - 0x00007ff95e297000 	c:\Users\Aar Kay\.vscode\extensions\redhat.java-1.20.0-win32-x64\jre\17.0.7-win32-x86_64\bin\jli.dll
0x00007ff983bc0000 - 0x00007ff983d71000 	C:\WINDOWS\System32\USER32.dll
0x00007ff982180000 - 0x00007ff9821a7000 	C:\WINDOWS\System32\win32u.dll
0x00007ff984350000 - 0x00007ff984379000 	C:\WINDOWS\System32\GDI32.dll
0x00007ff9821b0000 - 0x00007ff9822cf000 	C:\WINDOWS\System32\gdi32full.dll
0x00007ff9820d0000 - 0x00007ff982175000 	C:\WINDOWS\System32\msvcp_win.dll
0x00007ff965c30000 - 0x00007ff965ec1000 	C:\WINDOWS\WinSxS\amd64_microsoft.windows.common-controls_6595b64144ccf1df_6.0.25915.1000_none_879502b3ab851761\COMCTL32.dll
0x00007ff982ea0000 - 0x00007ff982f47000 	C:\WINDOWS\System32\msvcrt.dll
0x00007ff9557a0000 - 0x00007ff9557b9000 	c:\Users\Aar Kay\.vscode\extensions\redhat.java-1.20.0-win32-x64\jre\17.0.7-win32-x86_64\bin\VCRUNTIME140.dll
0x00007ff9835e0000 - 0x00007ff983610000 	C:\WINDOWS\System32\IMM32.DLL
0x00007ff9650e0000 - 0x00007ff9650ec000 	c:\Users\Aar Kay\.vscode\extensions\redhat.java-1.20.0-win32-x64\jre\17.0.7-win32-x86_64\bin\vcruntime140_1.dll
0x00007ff9462a0000 - 0x00007ff946331000 	c:\Users\Aar Kay\.vscode\extensions\redhat.java-1.20.0-win32-x64\jre\17.0.7-win32-x86_64\bin\msvcp140.dll
0x00007ff905b40000 - 0x00007ff906788000 	c:\Users\Aar Kay\.vscode\extensions\redhat.java-1.20.0-win32-x64\jre\17.0.7-win32-x86_64\bin\server\jvm.dll
0x00007ff9830a0000 - 0x00007ff983150000 	C:\WINDOWS\System32\ADVAPI32.dll
0x00007ff982bb0000 - 0x00007ff982c50000 	C:\WINDOWS\System32\sechost.dll
0x00007ff982a80000 - 0x00007ff982ba5000 	C:\WINDOWS\System32\RPCRT4.dll
0x00007ff965060000 - 0x00007ff965069000 	C:\WINDOWS\SYSTEM32\WSOCK32.dll
0x00007ff982c60000 - 0x00007ff982cd3000 	C:\WINDOWS\System32\WS2_32.dll
0x00007ff97a920000 - 0x00007ff97a954000 	C:\WINDOWS\SYSTEM32\WINMM.dll
0x00007ff971590000 - 0x00007ff97159a000 	C:\WINDOWS\SYSTEM32\VERSION.dll
0x00007ff9808d0000 - 0x00007ff9808e8000 	C:\WINDOWS\SYSTEM32\kernel.appcore.dll
0x00007ff955330000 - 0x00007ff95533a000 	c:\Users\Aar Kay\.vscode\extensions\redhat.java-1.20.0-win32-x64\jre\17.0.7-win32-x86_64\bin\jimage.dll
0x00007ff97be00000 - 0x00007ff97c035000 	C:\WINDOWS\SYSTEM32\DBGHELP.DLL
0x00007ff983e60000 - 0x00007ff9841da000 	C:\WINDOWS\System32\combase.dll
0x00007ff983ae0000 - 0x00007ff983bb5000 	C:\WINDOWS\System32\OLEAUT32.dll
0x00007ff96ad90000 - 0x00007ff96adc8000 	C:\WINDOWS\SYSTEM32\dbgcore.DLL
0x00007ff981960000 - 0x00007ff9819e1000 	C:\WINDOWS\System32\bcryptPrimitives.dll
0x00007ff955320000 - 0x00007ff95532e000 	c:\Users\Aar Kay\.vscode\extensions\redhat.java-1.20.0-win32-x64\jre\17.0.7-win32-x86_64\bin\instrument.dll
0x00007ff94a020000 - 0x00007ff94a045000 	c:\Users\Aar Kay\.vscode\extensions\redhat.java-1.20.0-win32-x64\jre\17.0.7-win32-x86_64\bin\java.dll
0x00007ff9538b0000 - 0x00007ff9538c8000 	c:\Users\Aar Kay\.vscode\extensions\redhat.java-1.20.0-win32-x64\jre\17.0.7-win32-x86_64\bin\zip.dll
0x00007ff9822e0000 - 0x00007ff982a61000 	C:\WINDOWS\System32\SHELL32.dll
0x00007ff97f6f0000 - 0x00007ff97ff42000 	C:\WINDOWS\SYSTEM32\windows.storage.dll
0x00007ff983d80000 - 0x00007ff983e53000 	C:\WINDOWS\System32\SHCORE.dll
0x00007ff983230000 - 0x00007ff98328c000 	C:\WINDOWS\System32\shlwapi.dll
0x00007ff981810000 - 0x00007ff981833000 	C:\WINDOWS\SYSTEM32\profapi.dll
0x00007ff94ea00000 - 0x00007ff94ea19000 	C:\Users\Aar Kay\.vscode\extensions\redhat.java-1.20.0-win32-x64\jre\17.0.7-win32-x86_64\bin\net.dll
0x00007ff97a020000 - 0x00007ff97a13b000 	C:\WINDOWS\SYSTEM32\WINHTTP.dll
0x00007ff980d90000 - 0x00007ff980df8000 	C:\WINDOWS\system32\mswsock.dll
0x00007ff94c400000 - 0x00007ff94c415000 	C:\Users\Aar Kay\.vscode\extensions\redhat.java-1.20.0-win32-x64\jre\17.0.7-win32-x86_64\bin\nio.dll
0x00007ff94eb20000 - 0x00007ff94eb30000 	c:\Users\Aar Kay\.vscode\extensions\redhat.java-1.20.0-win32-x64\jre\17.0.7-win32-x86_64\bin\verify.dll
0x00007ff947220000 - 0x00007ff94725e000 	C:\Users\Aar Kay\AppData\Roaming\Code\User\globalStorage\redhat.java\1.20.0\config_win\org.eclipse.equinox.launcher\org.eclipse.equinox.launcher.win32.win32.x86_64_1.2.700.v20221108-1024\eclipse_11801.dll
0x00007ff982d00000 - 0x00007ff982e92000 	C:\WINDOWS\System32\ole32.dll
0x00007ff94a5a0000 - 0x00007ff94a5a9000 	C:\Users\Aar Kay\.vscode\extensions\redhat.java-1.20.0-win32-x64\jre\17.0.7-win32-x86_64\bin\management.dll
0x00007ff94a4d0000 - 0x00007ff94a4db000 	C:\Users\Aar Kay\.vscode\extensions\redhat.java-1.20.0-win32-x64\jre\17.0.7-win32-x86_64\bin\management_ext.dll
0x00007ff982a70000 - 0x00007ff982a78000 	C:\WINDOWS\System32\PSAPI.DLL
0x00007ff981030000 - 0x00007ff98104b000 	C:\WINDOWS\SYSTEM32\CRYPTSP.dll
0x00007ff980830000 - 0x00007ff980867000 	C:\WINDOWS\system32\rsaenh.dll
0x00007ff980e90000 - 0x00007ff980eba000 	C:\WINDOWS\SYSTEM32\USERENV.dll
0x00007ff981280000 - 0x00007ff9812a8000 	C:\WINDOWS\SYSTEM32\bcrypt.dll
0x00007ff981050000 - 0x00007ff98105c000 	C:\WINDOWS\SYSTEM32\CRYPTBASE.dll
0x00007ff980240000 - 0x00007ff98026f000 	C:\WINDOWS\SYSTEM32\IPHLPAPI.DLL
0x00007ff983ad0000 - 0x00007ff983ada000 	C:\WINDOWS\System32\NSI.dll
0x00007ff97a290000 - 0x00007ff97a2a9000 	C:\WINDOWS\SYSTEM32\dhcpcsvc6.DLL
0x00007ff979f20000 - 0x00007ff979f3f000 	C:\WINDOWS\SYSTEM32\dhcpcsvc.DLL
0x00007ff980320000 - 0x00007ff98042f000 	C:\WINDOWS\SYSTEM32\DNSAPI.dll
0x00007ff945510000 - 0x00007ff945555000 	C:\Users\Aar Kay\AppData\Local\Temp\jna-441534677\jna4860188440561569468.dll
0x00007ff9682d0000 - 0x00007ff9682de000 	C:\Users\Aar Kay\.vscode\extensions\redhat.java-1.20.0-win32-x64\jre\17.0.7-win32-x86_64\bin\sunmscapi.dll
0x00007ff981f50000 - 0x00007ff9820c4000 	C:\WINDOWS\System32\CRYPT32.dll
0x00007ff981240000 - 0x00007ff981271000 	C:\WINDOWS\SYSTEM32\ncrypt.dll
0x00007ff9811f0000 - 0x00007ff98122e000 	C:\WINDOWS\SYSTEM32\NTASN1.dll
0x00007ff9715b0000 - 0x00007ff9715ba000 	C:\Windows\System32\rasadhlp.dll
0x00007ff9793a0000 - 0x00007ff979422000 	C:\WINDOWS\System32\fwpuclnt.dll

dbghelp: loaded successfully - version: 4.0.5 - missing functions: none
symbol engine: initialized successfully - sym options: 0x614 - pdb path: .;c:\Users\Aar Kay\.vscode\extensions\redhat.java-1.20.0-win32-x64\jre\17.0.7-win32-x86_64\bin;C:\WINDOWS\SYSTEM32;C:\WINDOWS\WinSxS\amd64_microsoft.windows.common-controls_6595b64144ccf1df_6.0.25915.1000_none_879502b3ab851761;c:\Users\Aar Kay\.vscode\extensions\redhat.java-1.20.0-win32-x64\jre\17.0.7-win32-x86_64\bin\server;C:\Users\Aar Kay\AppData\Roaming\Code\User\globalStorage\redhat.java\1.20.0\config_win\org.eclipse.equinox.launcher\org.eclipse.equinox.launcher.win32.win32.x86_64_1.2.700.v20221108-1024;C:\Users\Aar Kay\AppData\Local\Temp\jna-441534677

VM Arguments:
jvm_args: --add-modules=ALL-SYSTEM --add-opens=java.base/java.util=ALL-UNNAMED --add-opens=java.base/java.lang=ALL-UNNAMED --add-opens=java.base/sun.nio.fs=ALL-UNNAMED -Declipse.application=org.eclipse.jdt.ls.core.id1 -Dosgi.bundles.defaultStartLevel=4 -Declipse.product=org.eclipse.jdt.ls.core.product -Djava.import.generatesMetadataFilesAtProjectRoot=false -Dfile.encoding=utf8 -XX:+UseParallelGC -XX:GCTimeRatio=4 -XX:AdaptiveSizePolicyWeight=90 -Dsun.zip.disableMemoryMapping=true -Xmx1G -Xms100m -Xlog:disable -javaagent:c:\Users\Aar Kay\.vscode\extensions\redhat.java-1.20.0-win32-x64\lombok\lombok-1.18.28.jar -XX:+HeapDumpOnOutOfMemoryError -XX:HeapDumpPath=c:\Users\Aar Kay\AppData\Roaming\Code\User\workspaceStorage\08be14352158f883fcc5d4b39fd476f2\redhat.java -Daether.dependencyCollector.impl=bf 
java_command: c:\Users\Aar Kay\.vscode\extensions\redhat.java-1.20.0-win32-x64\server\plugins\org.eclipse.equinox.launcher_1.6.500.v20230622-2056.jar -configuration c:\Users\Aar Kay\AppData\Roaming\Code\User\globalStorage\redhat.java\1.20.0\config_win -data c:\Users\Aar Kay\AppData\Roaming\Code\User\workspaceStorage\08be14352158f883fcc5d4b39fd476f2\redhat.java\jdt_ws
java_class_path (initial): c:\Users\Aar Kay\.vscode\extensions\redhat.java-1.20.0-win32-x64\server\plugins\org.eclipse.equinox.launcher_1.6.500.v20230622-2056.jar
Launcher Type: SUN_STANDARD

[Global flags]
    uintx AdaptiveSizePolicyWeight                 = 90                                        {product} {command line}
     intx CICompilerCount                          = 4                                         {product} {ergonomic}
    uintx GCTimeRatio                              = 4                                         {product} {command line}
     bool HeapDumpOnOutOfMemoryError               = true                                   {manageable} {command line}
    ccstr HeapDumpPath                             = c:\Users\Aar Kay\AppData\Roaming\Code\User\workspaceStorage\08be14352158f883fcc5d4b39fd476f2\redhat.java         {manageable} {command line}
   size_t InitialHeapSize                          = 104857600                                 {product} {command line}
   size_t MaxHeapSize                              = 1073741824                                {product} {command line}
   size_t MaxNewSize                               = 357564416                                 {product} {ergonomic}
   size_t MinHeapDeltaBytes                        = 524288                                    {product} {ergonomic}
   size_t MinHeapSize                              = 104857600                                 {product} {command line}
   size_t NewSize                                  = 34603008                                  {product} {ergonomic}
    uintx NonNMethodCodeHeapSize                   = 5839372                                {pd product} {ergonomic}
    uintx NonProfiledCodeHeapSize                  = 122909434                              {pd product} {ergonomic}
   size_t OldSize                                  = 70254592                                  {product} {ergonomic}
    uintx ProfiledCodeHeapSize                     = 122909434                              {pd product} {ergonomic}
    uintx ReservedCodeCacheSize                    = 251658240                              {pd product} {ergonomic}
     bool SegmentedCodeCache                       = true                                      {product} {ergonomic}
   size_t SoftMaxHeapSize                          = 1073741824                             {manageable} {ergonomic}
     bool UseCompressedClassPointers               = true                           {product lp64_product} {ergonomic}
     bool UseCompressedOops                        = true                           {product lp64_product} {ergonomic}
     bool UseLargePagesIndividualAllocation        = false                                  {pd product} {ergonomic}
     bool UseParallelGC                            = true                                      {product} {command line}

Logging:
Log output configuration:
 #0: stdout all=off uptime,level,tags
 #1: stderr all=off uptime,level,tags

Environment Variables:
JAVA_HOME=C:\Program Files\OpenJDK\openjdk-8u302-b08
CLASSPATH=.;
PATH=C:\Program Files\Common Files\Oracle\Java\javapath;C:\Python311\Scripts\;C:\Python311\;C:\ProgramData\Boxstarter;C:\Python27\;C:\Python27\Scripts;C:\Python39\Scripts\;C:\Python39\;C:\Program Files (x86)\Intel\Intel(R) Management Engine Components\iCLS\;C:\Program Files\Intel\Intel(R) Management Engine Components\iCLS\;C:\WINDOWS\system32;C:\WINDOWS;C:\WINDOWS\System32\Wbem;C:\WINDOWS\System32\WindowsPowerShell\v1.0\;C:\WINDOWS\System32\OpenSSH\;C:\Program Files (x86)\Intel\Intel(R) Management Engine Components\DAL;C:\Program Files\Intel\Intel(R) Management Engine Components\DAL;C:\Program Files (x86)\Intel\Intel(R) Management Engine Components\IPT;C:\Program Files\Intel\Intel(R) Management Engine Components\IPT;C:\ProgramData\chocolatey\bin;C:\Program Files\Java\jdk1.8.0_211\bin;C:\Program Files (x86)\Yarn\bin\;C:\Program Files\PuTTY\;C:\Program Files\OpenJDK\openjdk-8u302-b08\bin;C:\Python39;C:\Program Files\dotnet\;D:\Program Files\OpenSSL-Win64\bin;C:\Program Files\Git\cmd;C:\WINDOWS\system32;C:\WINDOWS;C:\WINDOWS\System32\Wbem;C:\WINDOWS\System32\WindowsPowerShell\v1.0\;C:\WINDOWS\System32\OpenSSH\;C:\Program Files\Java\jdk-19\bin;C:\Program Files\PowerShell\7\;C:\Program Files\nodejs\;D:\Program Files\nodejs\;C:\Users\Aar Kay\AppData\Local\Programs\Microsoft VS Code\bin;C:\Users\Aar Kay\AppData\Local\Microsoft\WindowsApps;C:\Users\Aar Kay\.dotnet\tools;D:\Program Files\JetBrains\IntelliJ IDEA 2021.3.3\bin;C:\Users\Aar Kay\AppData\Local\Microsoft\WindowsApps;C:\Program Files\JetBrains\IntelliJ IDEA Community Edition 2022.3.2\bin;C:\Users\Aar Kay\AppData\Roaming\npm
USERNAME=Aar Kay
OS=Windows_NT
PROCESSOR_IDENTIFIER=Intel64 Family 6 Model 142 Stepping 10, GenuineIntel
TMP=C:\Users\Aar Kay\AppData\Local\Temp
TEMP=C:\Users\Aar Kay\AppData\Local\Temp



---------------  S Y S T E M  ---------------

OS:
 Windows 11 , 64 bit Build 25915 (10.0.25915.1000)
OS uptime: 0 days 12:53 hours
Hyper-V role detected

CPU: total 8 (initial active 8) (4 cores per cpu, 2 threads per core) family 6 model 142 stepping 10 microcode 0xf0, cx8, cmov, fxsr, ht, mmx, 3dnowpref, sse, sse2, sse3, ssse3, sse4.1, sse4.2, popcnt, lzcnt, tsc, tscinvbit, avx, avx2, aes, erms, clmul, bmi1, bmi2, adx, fma, vzeroupper, clflush, clflushopt, hv

Memory: 4k page, system-wide physical 16211M (3816M free)
TotalPageFile size 16211M (AvailPageFile size 192M)
current process WorkingSet (physical memory assigned to process): 222M, peak: 245M
current process commit charge ("private bytes"): 287M, peak: 321M

vm_info: OpenJDK 64-Bit Server VM (17.0.7+7) for windows-amd64 JRE (17.0.7+7), built on Apr 18 2023 22:10:42 by "temurin" with MS VC++ 16.7 (VS2019)

END.
